2025-02-02 15:04:21,856 [INFO] c.b.m.MicroserviciotransaccionesApplication - Starting MicroserviciotransaccionesApplication using Java 11.0.25 on dialvpc with PID 8628 (C:\SourceCode-Nancy\microservicios-banco\microserviciotransacciones\target\classes started by nancy in C:\SourceCode-Nancy\microservicios-banco\microserviciotransacciones)
2025-02-02 15:04:21,857 [DEBUG] c.b.m.MicroserviciotransaccionesApplication - Running with Spring Boot v2.7.18, Spring v5.3.31
2025-02-02 15:04:21,857 [INFO] c.b.m.MicroserviciotransaccionesApplication - No active profile set, falling back to 1 default profile: "default"
2025-02-02 15:04:22,110 [INFO] o.s.d.r.c.RepositoryConfigurationDelegate - Bootstrapping Spring Data JPA repositories in DEFAULT mode.
2025-02-02 15:04:22,145 [INFO] o.s.d.r.c.RepositoryConfigurationDelegate - Finished Spring Data repository scanning in 33 ms. Found 3 JPA repository interfaces.
2025-02-02 15:04:22,269 [INFO] o.s.b.w.e.t.TomcatWebServer - Tomcat initialized with port(s): 8080 (http)
2025-02-02 15:04:22,271 [INFO] o.a.c.c.StandardService - Starting service [Tomcat]
2025-02-02 15:04:22,272 [INFO] o.a.c.c.StandardEngine - Starting Servlet engine: [Apache Tomcat/9.0.83]
2025-02-02 15:04:22,296 [INFO] o.a.c.c.C.[.[.[/] - Initializing Spring embedded WebApplicationContext
2025-02-02 15:04:22,296 [INFO] o.s.b.w.s.c.ServletWebServerApplicationContext - Root WebApplicationContext: initialization completed in 431 ms
2025-02-02 15:04:22,313 [DEBUG] c.b.m.c.JwtRequestFilter - Filter 'jwtRequestFilter' configured for use
2025-02-02 15:04:22,360 [INFO] o.h.j.i.u.LogHelper - HHH000204: Processing PersistenceUnitInfo [name: default]
2025-02-02 15:04:22,371 [INFO] c.z.h.HikariDataSource - HikariPool-5 - Starting...
2025-02-02 15:04:23,422 [INFO] c.z.h.HikariDataSource - HikariPool-5 - Start completed.
2025-02-02 15:04:23,437 [INFO] o.h.d.Dialect - HHH000400: Using dialect: org.hibernate.dialect.SQLServerDialect
2025-02-02 15:04:26,306 [INFO] o.h.e.t.j.p.i.JtaPlatformInitiator - HHH000490: Using JtaPlatform implementation: [org.hibernate.engine.transaction.jta.platform.internal.NoJtaPlatform]
2025-02-02 15:04:26,307 [INFO] o.s.o.j.LocalContainerEntityManagerFactoryBean - Initialized JPA EntityManagerFactory for persistence unit 'default'
2025-02-02 15:04:26,451 [WARN] o.s.b.a.o.j.JpaBaseConfiguration$JpaWebConfiguration - spring.jpa.open-in-view is enabled by default. Therefore, database queries may be performed during view rendering. Explicitly configure spring.jpa.open-in-view to disable this warning
2025-02-02 15:04:26,457 [WARN] o.s.b.w.s.c.AnnotationConfigServletWebServerApplicationContext - Exception encountered during context initialization - cancelling refresh attempt: org.springframework.beans.factory.UnsatisfiedDependencyException: Error creating bean with name 'transaccionesController': Unsatisfied dependency expressed through field 'transaccionService'; nested exception is org.springframework.beans.factory.UnsatisfiedDependencyException: Error creating bean with name 'transaccionServiceImpl': Unsatisfied dependency expressed through field 'cuentaBancariaService'; nested exception is org.springframework.beans.factory.BeanCreationException: Error creating bean with name 'cuentaBancariaServiceImpl' defined in file [C:\SourceCode-Nancy\microservicios-banco\microserviciotransacciones\target\classes\com\banco\microserviciotransacciones\serviceImpl\CuentaBancariaServiceImpl.class]: Bean instantiation via constructor failed; nested exception is java.lang.ExceptionInInitializerError
2025-02-02 15:04:26,459 [INFO] o.s.o.j.LocalContainerEntityManagerFactoryBean - Closing JPA EntityManagerFactory for persistence unit 'default'
2025-02-02 15:04:26,460 [INFO] c.z.h.HikariDataSource - HikariPool-5 - Shutdown initiated...
2025-02-02 15:04:27,277 [INFO] c.z.h.HikariDataSource - HikariPool-5 - Shutdown completed.
2025-02-02 15:04:27,278 [INFO] o.a.c.c.StandardService - Stopping service [Tomcat]
2025-02-02 15:04:27,291 [INFO] o.s.b.a.l.ConditionEvaluationReportLoggingListener - 

Error starting ApplicationContext. To display the conditions report re-run your application with 'debug' enabled.
2025-02-02 15:04:27,299 [ERROR] o.s.b.SpringApplication - Application run failed
org.springframework.beans.factory.UnsatisfiedDependencyException: Error creating bean with name 'transaccionesController': Unsatisfied dependency expressed through field 'transaccionService'; nested exception is org.springframework.beans.factory.UnsatisfiedDependencyException: Error creating bean with name 'transaccionServiceImpl': Unsatisfied dependency expressed through field 'cuentaBancariaService'; nested exception is org.springframework.beans.factory.BeanCreationException: Error creating bean with name 'cuentaBancariaServiceImpl' defined in file [C:\SourceCode-Nancy\microservicios-banco\microserviciotransacciones\target\classes\com\banco\microserviciotransacciones\serviceImpl\CuentaBancariaServiceImpl.class]: Bean instantiation via constructor failed; nested exception is java.lang.ExceptionInInitializerError
	at org.springframework.beans.factory.annotation.AutowiredAnnotationBeanPostProcessor$AutowiredFieldElement.resolveFieldValue(AutowiredAnnotationBeanPostProcessor.java:713)
	at org.springframework.beans.factory.annotation.AutowiredAnnotationBeanPostProcessor$AutowiredFieldElement.inject(AutowiredAnnotationBeanPostProcessor.java:693)
	at org.springframework.beans.factory.annotation.InjectionMetadata.inject(InjectionMetadata.java:119)
	at org.springframework.beans.factory.annotation.AutowiredAnnotationBeanPostProcessor.postProcessProperties(AutowiredAnnotationBeanPostProcessor.java:408)
	at org.springframework.beans.factory.support.AbstractAutowireCapableBeanFactory.populateBean(AbstractAutowireCapableBeanFactory.java:1431)
	at org.springframework.beans.factory.support.AbstractAutowireCapableBeanFactory.doCreateBean(AbstractAutowireCapableBeanFactory.java:619)
	at org.springframework.beans.factory.support.AbstractAutowireCapableBeanFactory.createBean(AbstractAutowireCapableBeanFactory.java:542)
	at org.springframework.beans.factory.support.AbstractBeanFactory.lambda$doGetBean$0(AbstractBeanFactory.java:335)
	at org.springframework.beans.factory.support.DefaultSingletonBeanRegistry.getSingleton(DefaultSingletonBeanRegistry.java:234)
	at org.springframework.beans.factory.support.AbstractBeanFactory.doGetBean(AbstractBeanFactory.java:333)
	at org.springframework.beans.factory.support.AbstractBeanFactory.getBean(AbstractBeanFactory.java:208)
	at org.springframework.beans.factory.support.DefaultListableBeanFactory.preInstantiateSingletons(DefaultListableBeanFactory.java:955)
	at org.springframework.context.support.AbstractApplicationContext.finishBeanFactoryInitialization(AbstractApplicationContext.java:929)
	at org.springframework.context.support.AbstractApplicationContext.refresh(AbstractApplicationContext.java:591)
	at org.springframework.boot.web.servlet.context.ServletWebServerApplicationContext.refresh(ServletWebServerApplicationContext.java:147)
	at org.springframework.boot.SpringApplication.refresh(SpringApplication.java:732)
	at org.springframework.boot.SpringApplication.refreshContext(SpringApplication.java:409)
	at org.springframework.boot.SpringApplication.run(SpringApplication.java:308)
	at org.springframework.boot.SpringApplication.run(SpringApplication.java:1300)
	at org.springframework.boot.SpringApplication.run(SpringApplication.java:1289)
	at com.banco.microserviciotransacciones.MicroserviciotransaccionesApplication.main(MicroserviciotransaccionesApplication.java:10)
	at java.base/jdk.internal.reflect.NativeMethodAccessorImpl.invoke0(Native Method)
	at java.base/jdk.internal.reflect.NativeMethodAccessorImpl.invoke(NativeMethodAccessorImpl.java:62)
	at java.base/jdk.internal.reflect.DelegatingMethodAccessorImpl.invoke(DelegatingMethodAccessorImpl.java:43)
	at java.base/java.lang.reflect.Method.invoke(Method.java:566)
	at org.springframework.boot.devtools.restart.RestartLauncher.run(RestartLauncher.java:50)
Caused by: org.springframework.beans.factory.UnsatisfiedDependencyException: Error creating bean with name 'transaccionServiceImpl': Unsatisfied dependency expressed through field 'cuentaBancariaService'; nested exception is org.springframework.beans.factory.BeanCreationException: Error creating bean with name 'cuentaBancariaServiceImpl' defined in file [C:\SourceCode-Nancy\microservicios-banco\microserviciotransacciones\target\classes\com\banco\microserviciotransacciones\serviceImpl\CuentaBancariaServiceImpl.class]: Bean instantiation via constructor failed; nested exception is java.lang.ExceptionInInitializerError
	at org.springframework.beans.factory.annotation.AutowiredAnnotationBeanPostProcessor$AutowiredFieldElement.resolveFieldValue(AutowiredAnnotationBeanPostProcessor.java:713)
	at org.springframework.beans.factory.annotation.AutowiredAnnotationBeanPostProcessor$AutowiredFieldElement.inject(AutowiredAnnotationBeanPostProcessor.java:693)
	at org.springframework.beans.factory.annotation.InjectionMetadata.inject(InjectionMetadata.java:119)
	at org.springframework.beans.factory.annotation.AutowiredAnnotationBeanPostProcessor.postProcessProperties(AutowiredAnnotationBeanPostProcessor.java:408)
	at org.springframework.beans.factory.support.AbstractAutowireCapableBeanFactory.populateBean(AbstractAutowireCapableBeanFactory.java:1431)
	at org.springframework.beans.factory.support.AbstractAutowireCapableBeanFactory.doCreateBean(AbstractAutowireCapableBeanFactory.java:619)
	at org.springframework.beans.factory.support.AbstractAutowireCapableBeanFactory.createBean(AbstractAutowireCapableBeanFactory.java:542)
	at org.springframework.beans.factory.support.AbstractBeanFactory.lambda$doGetBean$0(AbstractBeanFactory.java:335)
	at org.springframework.beans.factory.support.DefaultSingletonBeanRegistry.getSingleton(DefaultSingletonBeanRegistry.java:234)
	at org.springframework.beans.factory.support.AbstractBeanFactory.doGetBean(AbstractBeanFactory.java:333)
	at org.springframework.beans.factory.support.AbstractBeanFactory.getBean(AbstractBeanFactory.java:208)
	at org.springframework.beans.factory.config.DependencyDescriptor.resolveCandidate(DependencyDescriptor.java:276)
	at org.springframework.beans.factory.support.DefaultListableBeanFactory.doResolveDependency(DefaultListableBeanFactory.java:1391)
	at org.springframework.beans.factory.support.DefaultListableBeanFactory.resolveDependency(DefaultListableBeanFactory.java:1311)
	at org.springframework.beans.factory.annotation.AutowiredAnnotationBeanPostProcessor$AutowiredFieldElement.resolveFieldValue(AutowiredAnnotationBeanPostProcessor.java:710)
	... 25 common frames omitted
Caused by: org.springframework.beans.factory.BeanCreationException: Error creating bean with name 'cuentaBancariaServiceImpl' defined in file [C:\SourceCode-Nancy\microservicios-banco\microserviciotransacciones\target\classes\com\banco\microserviciotransacciones\serviceImpl\CuentaBancariaServiceImpl.class]: Bean instantiation via constructor failed; nested exception is java.lang.ExceptionInInitializerError
	at org.springframework.beans.factory.support.ConstructorResolver.instantiate(ConstructorResolver.java:310)
	at org.springframework.beans.factory.support.ConstructorResolver.autowireConstructor(ConstructorResolver.java:291)
	at org.springframework.beans.factory.support.AbstractAutowireCapableBeanFactory.autowireConstructor(AbstractAutowireCapableBeanFactory.java:1372)
	at org.springframework.beans.factory.support.AbstractAutowireCapableBeanFactory.createBeanInstance(AbstractAutowireCapableBeanFactory.java:1222)
	at org.springframework.beans.factory.support.AbstractAutowireCapableBeanFactory.doCreateBean(AbstractAutowireCapableBeanFactory.java:582)
	at org.springframework.beans.factory.support.AbstractAutowireCapableBeanFactory.createBean(AbstractAutowireCapableBeanFactory.java:542)
	at org.springframework.beans.factory.support.AbstractBeanFactory.lambda$doGetBean$0(AbstractBeanFactory.java:335)
	at org.springframework.beans.factory.support.DefaultSingletonBeanRegistry.getSingleton(DefaultSingletonBeanRegistry.java:234)
	at org.springframework.beans.factory.support.AbstractBeanFactory.doGetBean(AbstractBeanFactory.java:333)
	at org.springframework.beans.factory.support.AbstractBeanFactory.getBean(AbstractBeanFactory.java:208)
	at org.springframework.beans.factory.config.DependencyDescriptor.resolveCandidate(DependencyDescriptor.java:276)
	at org.springframework.beans.factory.support.DefaultListableBeanFactory.doResolveDependency(DefaultListableBeanFactory.java:1391)
	at org.springframework.beans.factory.support.DefaultListableBeanFactory.resolveDependency(DefaultListableBeanFactory.java:1311)
	at org.springframework.beans.factory.annotation.AutowiredAnnotationBeanPostProcessor$AutowiredFieldElement.resolveFieldValue(AutowiredAnnotationBeanPostProcessor.java:710)
	... 39 common frames omitted
Caused by: java.lang.ExceptionInInitializerError: null
	at java.base/jdk.internal.reflect.NativeConstructorAccessorImpl.newInstance0(Native Method)
	at java.base/jdk.internal.reflect.NativeConstructorAccessorImpl.newInstance(NativeConstructorAccessorImpl.java:62)
	at java.base/jdk.internal.reflect.DelegatingConstructorAccessorImpl.newInstance(DelegatingConstructorAccessorImpl.java:45)
	at java.base/java.lang.reflect.Constructor.newInstance(Constructor.java:490)
	at org.springframework.beans.BeanUtils.instantiateClass(BeanUtils.java:213)
	at org.springframework.beans.factory.support.SimpleInstantiationStrategy.instantiate(SimpleInstantiationStrategy.java:117)
	at org.springframework.beans.factory.support.ConstructorResolver.instantiate(ConstructorResolver.java:306)
	... 52 common frames omitted
Caused by: java.lang.RuntimeException: Uncompilable code - cannot find symbol
  symbol:   class Logger
  location: class com.banco.microserviciotransacciones.serviceImpl.CuentaBancariaServiceImpl
	at com.banco.microserviciotransacciones.serviceImpl.CuentaBancariaServiceImpl.<clinit>(CuentaBancariaServiceImpl.java:1)
	... 59 common frames omitted
2025-02-02 15:07:11,046 [INFO] c.b.m.MicroserviciotransaccionesApplication - Starting MicroserviciotransaccionesApplication using Java 11.0.25 on dialvpc with PID 8628 (C:\SourceCode-Nancy\microservicios-banco\microserviciotransacciones\target\classes started by nancy in C:\SourceCode-Nancy\microservicios-banco\microserviciotransacciones)
2025-02-02 15:07:11,047 [DEBUG] c.b.m.MicroserviciotransaccionesApplication - Running with Spring Boot v2.7.18, Spring v5.3.31
2025-02-02 15:07:11,048 [INFO] c.b.m.MicroserviciotransaccionesApplication - No active profile set, falling back to 1 default profile: "default"
2025-02-02 15:07:11,326 [INFO] o.s.d.r.c.RepositoryConfigurationDelegate - Bootstrapping Spring Data JPA repositories in DEFAULT mode.
2025-02-02 15:07:11,355 [INFO] o.s.d.r.c.RepositoryConfigurationDelegate - Finished Spring Data repository scanning in 28 ms. Found 3 JPA repository interfaces.
2025-02-02 15:07:11,478 [INFO] o.s.b.w.e.t.TomcatWebServer - Tomcat initialized with port(s): 8080 (http)
2025-02-02 15:07:11,481 [INFO] o.a.c.c.StandardService - Starting service [Tomcat]
2025-02-02 15:07:11,481 [INFO] o.a.c.c.StandardEngine - Starting Servlet engine: [Apache Tomcat/9.0.83]
2025-02-02 15:07:11,504 [INFO] o.a.c.c.C.[.[.[/] - Initializing Spring embedded WebApplicationContext
2025-02-02 15:07:11,504 [INFO] o.s.b.w.s.c.ServletWebServerApplicationContext - Root WebApplicationContext: initialization completed in 453 ms
2025-02-02 15:07:11,516 [DEBUG] c.b.m.c.JwtRequestFilter - Filter 'jwtRequestFilter' configured for use
2025-02-02 15:07:11,560 [INFO] o.h.j.i.u.LogHelper - HHH000204: Processing PersistenceUnitInfo [name: default]
2025-02-02 15:07:11,566 [INFO] c.z.h.HikariDataSource - HikariPool-6 - Starting...
2025-02-02 15:07:13,421 [INFO] c.z.h.HikariDataSource - HikariPool-6 - Start completed.
2025-02-02 15:07:13,426 [INFO] o.h.d.Dialect - HHH000400: Using dialect: org.hibernate.dialect.SQLServerDialect
2025-02-02 15:07:15,617 [INFO] o.h.e.t.j.p.i.JtaPlatformInitiator - HHH000490: Using JtaPlatform implementation: [org.hibernate.engine.transaction.jta.platform.internal.NoJtaPlatform]
2025-02-02 15:07:15,618 [INFO] o.s.o.j.LocalContainerEntityManagerFactoryBean - Initialized JPA EntityManagerFactory for persistence unit 'default'
2025-02-02 15:07:15,774 [WARN] o.s.b.a.o.j.JpaBaseConfiguration$JpaWebConfiguration - spring.jpa.open-in-view is enabled by default. Therefore, database queries may be performed during view rendering. Explicitly configure spring.jpa.open-in-view to disable this warning
2025-02-02 15:07:15,804 [WARN] o.s.b.a.s.s.UserDetailsServiceAutoConfiguration - 

Using generated security password: 6369671e-a6ac-4f3c-aefa-f4ae2d826890

This generated password is for development use only. Your security configuration must be updated before running your application in production.

2025-02-02 15:07:15,819 [INFO] o.s.s.w.DefaultSecurityFilterChain - Will secure any request with [org.springframework.security.web.session.DisableEncodeUrlFilter@b84fcbb, org.springframework.security.web.context.request.async.WebAsyncManagerIntegrationFilter@10b7c505, org.springframework.security.web.context.SecurityContextPersistenceFilter@9973c06, org.springframework.security.web.header.HeaderWriterFilter@2f769cf1, org.springframework.security.web.authentication.logout.LogoutFilter@7a7a2a01, com.banco.microserviciotransacciones.config.JwtRequestFilter@6e172368, org.springframework.security.web.savedrequest.RequestCacheAwareFilter@36374229, org.springframework.security.web.servletapi.SecurityContextHolderAwareRequestFilter@2dbdd10a, org.springframework.security.web.authentication.AnonymousAuthenticationFilter@56c2c91b, org.springframework.security.web.session.SessionManagementFilter@1a3fab0a, org.springframework.security.web.access.ExceptionTranslationFilter@7b5898ed, org.springframework.security.web.access.intercept.FilterSecurityInterceptor@6b5c447e]
2025-02-02 15:07:15,922 [INFO] o.s.b.d.a.OptionalLiveReloadServer - LiveReload server is running on port 35729
2025-02-02 15:07:15,937 [INFO] o.s.b.w.e.t.TomcatWebServer - Tomcat started on port(s): 8080 (http) with context path ''
2025-02-02 15:07:15,944 [INFO] c.b.m.MicroserviciotransaccionesApplication - Started MicroserviciotransaccionesApplication in 4.942 seconds (JVM running for 896.98)
2025-02-02 15:07:15,947 [INFO] o.s.b.d.a.ConditionEvaluationDeltaLoggingListener - Condition evaluation unchanged
2025-02-02 15:07:16,444 [INFO] o.s.o.j.LocalContainerEntityManagerFactoryBean - Closing JPA EntityManagerFactory for persistence unit 'default'
2025-02-02 15:07:16,446 [INFO] c.z.h.HikariDataSource - HikariPool-6 - Shutdown initiated...
2025-02-02 15:07:17,051 [INFO] c.z.h.HikariDataSource - HikariPool-6 - Shutdown completed.
2025-02-02 15:07:45,372 [INFO] o.s.b.t.c.SpringBootTestContextBootstrapper - Neither @ContextConfiguration nor @ContextHierarchy found for test class [com.banco.microserviciotransacciones.MicroserviciotransaccionesApplicationTests], using SpringBootContextLoader
2025-02-02 15:07:45,382 [INFO] o.s.t.c.s.AbstractContextLoader - Could not detect default resource locations for test class [com.banco.microserviciotransacciones.MicroserviciotransaccionesApplicationTests]: no resource found for suffixes {-context.xml, Context.groovy}.
2025-02-02 15:07:45,384 [INFO] o.s.t.c.s.AnnotationConfigContextLoaderUtils - Could not detect default configuration classes for test class [com.banco.microserviciotransacciones.MicroserviciotransaccionesApplicationTests]: MicroserviciotransaccionesApplicationTests does not declare any static, non-private, non-final, nested classes annotated with @Configuration.
2025-02-02 15:07:45,563 [INFO] o.s.b.t.c.SpringBootTestContextBootstrapper - Found @SpringBootConfiguration com.banco.microserviciotransacciones.MicroserviciotransaccionesApplication for test class com.banco.microserviciotransacciones.MicroserviciotransaccionesApplicationTests
2025-02-02 15:07:45,746 [INFO] o.s.b.t.c.SpringBootTestContextBootstrapper - Loaded default TestExecutionListener class names from location [META-INF/spring.factories]: [org.springframework.boot.test.mock.mockito.MockitoTestExecutionListener, org.springframework.boot.test.mock.mockito.ResetMocksTestExecutionListener, org.springframework.boot.test.autoconfigure.restdocs.RestDocsTestExecutionListener, org.springframework.boot.test.autoconfigure.web.client.MockRestServiceServerResetTestExecutionListener, org.springframework.boot.test.autoconfigure.web.servlet.MockMvcPrintOnlyOnFailureTestExecutionListener, org.springframework.boot.test.autoconfigure.web.servlet.WebDriverTestExecutionListener, org.springframework.boot.test.autoconfigure.webservices.client.MockWebServiceServerTestExecutionListener, org.springframework.test.context.web.ServletTestExecutionListener, org.springframework.test.context.support.DirtiesContextBeforeModesTestExecutionListener, org.springframework.test.context.event.ApplicationEventsTestExecutionListener, org.springframework.test.context.support.DependencyInjectionTestExecutionListener, org.springframework.test.context.support.DirtiesContextTestExecutionListener, org.springframework.test.context.transaction.TransactionalTestExecutionListener, org.springframework.test.context.jdbc.SqlScriptsTestExecutionListener, org.springframework.test.context.event.EventPublishingTestExecutionListener, org.springframework.security.test.context.support.WithSecurityContextTestExecutionListener, org.springframework.security.test.context.support.ReactorContextTestExecutionListener]
2025-02-02 15:07:45,769 [INFO] o.s.b.t.c.SpringBootTestContextBootstrapper - Using TestExecutionListeners: [org.springframework.test.context.web.ServletTestExecutionListener@6326d182, org.springframework.test.context.support.DirtiesContextBeforeModesTestExecutionListener@5241cf67, org.springframework.test.context.event.ApplicationEventsTestExecutionListener@716a7124, org.springframework.boot.test.mock.mockito.MockitoTestExecutionListener@77192705, org.springframework.boot.test.autoconfigure.SpringBootDependencyInjectionTestExecutionListener@226642a5, org.springframework.test.context.support.DirtiesContextTestExecutionListener@7e809b79, org.springframework.test.context.transaction.TransactionalTestExecutionListener@5cc126dc, org.springframework.test.context.jdbc.SqlScriptsTestExecutionListener@625e134e, org.springframework.test.context.event.EventPublishingTestExecutionListener@72bd06ca, org.springframework.security.test.context.support.WithSecurityContextTestExecutionListener@89c10b7, org.springframework.security.test.context.support.ReactorContextTestExecutionListener@5dbe30be, org.springframework.boot.test.mock.mockito.ResetMocksTestExecutionListener@4fe89c24, org.springframework.boot.test.autoconfigure.restdocs.RestDocsTestExecutionListener@55795845, org.springframework.boot.test.autoconfigure.web.client.MockRestServiceServerResetTestExecutionListener@3d08f3f5, org.springframework.boot.test.autoconfigure.web.servlet.MockMvcPrintOnlyOnFailureTestExecutionListener@119f1f2a, org.springframework.boot.test.autoconfigure.web.servlet.WebDriverTestExecutionListener@1a1da881, org.springframework.boot.test.autoconfigure.webservices.client.MockWebServiceServerTestExecutionListener@5b970f7]
2025-02-02 15:07:45,880 [INFO] o.s.b.d.r.RestartApplicationListener - Restart disabled due to context in which it is running
2025-02-02 15:07:46,286 [INFO] c.b.m.MicroserviciotransaccionesApplicationTests - Starting MicroserviciotransaccionesApplicationTests using Java 11.0.25 on dialvpc with PID 21784 (started by nancy in C:\SourceCode-Nancy\microservicios-banco\microserviciotransacciones)
2025-02-02 15:07:46,286 [DEBUG] c.b.m.MicroserviciotransaccionesApplicationTests - Running with Spring Boot v2.7.18, Spring v5.3.31
2025-02-02 15:07:46,289 [INFO] c.b.m.MicroserviciotransaccionesApplicationTests - No active profile set, falling back to 1 default profile: "default"
2025-02-02 15:07:47,348 [INFO] o.s.d.r.c.RepositoryConfigurationDelegate - Bootstrapping Spring Data JPA repositories in DEFAULT mode.
2025-02-02 15:07:47,484 [INFO] o.s.d.r.c.RepositoryConfigurationDelegate - Finished Spring Data repository scanning in 119 ms. Found 3 JPA repository interfaces.
2025-02-02 15:07:48,586 [INFO] o.h.j.i.u.LogHelper - HHH000204: Processing PersistenceUnitInfo [name: default]
2025-02-02 15:07:48,665 [INFO] o.h.Version - HHH000412: Hibernate ORM core version 5.6.15.Final
2025-02-02 15:07:48,933 [INFO] o.h.a.c.Version - HCANN000001: Hibernate Commons Annotations {5.1.2.Final}
2025-02-02 15:07:49,800 [INFO] c.z.h.HikariDataSource - HikariPool-1 - Starting...
2025-02-02 15:07:51,379 [INFO] c.z.h.HikariDataSource - HikariPool-1 - Start completed.
2025-02-02 15:07:51,419 [INFO] o.h.d.Dialect - HHH000400: Using dialect: org.hibernate.dialect.SQLServerDialect
2025-02-02 15:07:54,931 [INFO] o.h.e.t.j.p.i.JtaPlatformInitiator - HHH000490: Using JtaPlatform implementation: [org.hibernate.engine.transaction.jta.platform.internal.NoJtaPlatform]
2025-02-02 15:07:54,947 [INFO] o.s.o.j.LocalContainerEntityManagerFactoryBean - Initialized JPA EntityManagerFactory for persistence unit 'default'
2025-02-02 15:07:55,948 [WARN] o.s.b.a.o.j.JpaBaseConfiguration$JpaWebConfiguration - spring.jpa.open-in-view is enabled by default. Therefore, database queries may be performed during view rendering. Explicitly configure spring.jpa.open-in-view to disable this warning
2025-02-02 15:07:56,164 [WARN] o.s.b.a.s.s.UserDetailsServiceAutoConfiguration - 

Using generated security password: c4c49fa8-c3e5-489b-939b-89de9e33a02c

This generated password is for development use only. Your security configuration must be updated before running your application in production.

2025-02-02 15:07:56,520 [INFO] o.s.s.w.DefaultSecurityFilterChain - Will secure any request with [org.springframework.security.web.session.DisableEncodeUrlFilter@4e782401, org.springframework.security.web.context.request.async.WebAsyncManagerIntegrationFilter@2bb84aa5, org.springframework.security.web.context.SecurityContextPersistenceFilter@2259d54f, org.springframework.security.web.header.HeaderWriterFilter@34ea86ff, org.springframework.security.web.authentication.logout.LogoutFilter@32c8d67, com.banco.microserviciotransacciones.config.JwtRequestFilter@40fcaae7, org.springframework.security.web.savedrequest.RequestCacheAwareFilter@2184962c, org.springframework.security.web.servletapi.SecurityContextHolderAwareRequestFilter@4d9bccfe, org.springframework.security.web.authentication.AnonymousAuthenticationFilter@4853f592, org.springframework.security.web.session.SessionManagementFilter@d641499, org.springframework.security.web.access.ExceptionTranslationFilter@42a7e7e1, org.springframework.security.web.access.intercept.FilterSecurityInterceptor@6e00d737]
2025-02-02 15:07:57,782 [INFO] c.b.m.MicroserviciotransaccionesApplicationTests - Started MicroserviciotransaccionesApplicationTests in 11.948 seconds (JVM running for 13.682)
2025-02-02 15:07:58,069 [INFO] o.s.o.j.LocalContainerEntityManagerFactoryBean - Closing JPA EntityManagerFactory for persistence unit 'default'
2025-02-02 15:07:58,076 [INFO] c.z.h.HikariDataSource - HikariPool-1 - Shutdown initiated...
2025-02-02 15:07:58,100 [INFO] c.z.h.HikariDataSource - HikariPool-1 - Shutdown completed.
2025-02-02 15:24:21,601 [INFO] o.s.b.t.c.SpringBootTestContextBootstrapper - Neither @ContextConfiguration nor @ContextHierarchy found for test class [com.banco.microserviciotransacciones.MicroserviciotransaccionesApplicationTests], using SpringBootContextLoader
2025-02-02 15:24:21,612 [INFO] o.s.t.c.s.AbstractContextLoader - Could not detect default resource locations for test class [com.banco.microserviciotransacciones.MicroserviciotransaccionesApplicationTests]: no resource found for suffixes {-context.xml, Context.groovy}.
2025-02-02 15:24:21,613 [INFO] o.s.t.c.s.AnnotationConfigContextLoaderUtils - Could not detect default configuration classes for test class [com.banco.microserviciotransacciones.MicroserviciotransaccionesApplicationTests]: MicroserviciotransaccionesApplicationTests does not declare any static, non-private, non-final, nested classes annotated with @Configuration.
2025-02-02 15:24:21,793 [INFO] o.s.b.t.c.SpringBootTestContextBootstrapper - Found @SpringBootConfiguration com.banco.microserviciotransacciones.MicroserviciotransaccionesApplication for test class com.banco.microserviciotransacciones.MicroserviciotransaccionesApplicationTests
2025-02-02 15:24:21,956 [INFO] o.s.b.t.c.SpringBootTestContextBootstrapper - Loaded default TestExecutionListener class names from location [META-INF/spring.factories]: [org.springframework.boot.test.mock.mockito.MockitoTestExecutionListener, org.springframework.boot.test.mock.mockito.ResetMocksTestExecutionListener, org.springframework.boot.test.autoconfigure.restdocs.RestDocsTestExecutionListener, org.springframework.boot.test.autoconfigure.web.client.MockRestServiceServerResetTestExecutionListener, org.springframework.boot.test.autoconfigure.web.servlet.MockMvcPrintOnlyOnFailureTestExecutionListener, org.springframework.boot.test.autoconfigure.web.servlet.WebDriverTestExecutionListener, org.springframework.boot.test.autoconfigure.webservices.client.MockWebServiceServerTestExecutionListener, org.springframework.test.context.web.ServletTestExecutionListener, org.springframework.test.context.support.DirtiesContextBeforeModesTestExecutionListener, org.springframework.test.context.event.ApplicationEventsTestExecutionListener, org.springframework.test.context.support.DependencyInjectionTestExecutionListener, org.springframework.test.context.support.DirtiesContextTestExecutionListener, org.springframework.test.context.transaction.TransactionalTestExecutionListener, org.springframework.test.context.jdbc.SqlScriptsTestExecutionListener, org.springframework.test.context.event.EventPublishingTestExecutionListener, org.springframework.security.test.context.support.WithSecurityContextTestExecutionListener, org.springframework.security.test.context.support.ReactorContextTestExecutionListener]
2025-02-02 15:24:21,995 [INFO] o.s.b.t.c.SpringBootTestContextBootstrapper - Using TestExecutionListeners: [org.springframework.test.context.web.ServletTestExecutionListener@6326d182, org.springframework.test.context.support.DirtiesContextBeforeModesTestExecutionListener@5241cf67, org.springframework.test.context.event.ApplicationEventsTestExecutionListener@716a7124, org.springframework.boot.test.mock.mockito.MockitoTestExecutionListener@77192705, org.springframework.boot.test.autoconfigure.SpringBootDependencyInjectionTestExecutionListener@226642a5, org.springframework.test.context.support.DirtiesContextTestExecutionListener@7e809b79, org.springframework.test.context.transaction.TransactionalTestExecutionListener@5cc126dc, org.springframework.test.context.jdbc.SqlScriptsTestExecutionListener@625e134e, org.springframework.test.context.event.EventPublishingTestExecutionListener@72bd06ca, org.springframework.security.test.context.support.WithSecurityContextTestExecutionListener@89c10b7, org.springframework.security.test.context.support.ReactorContextTestExecutionListener@5dbe30be, org.springframework.boot.test.mock.mockito.ResetMocksTestExecutionListener@4fe89c24, org.springframework.boot.test.autoconfigure.restdocs.RestDocsTestExecutionListener@55795845, org.springframework.boot.test.autoconfigure.web.client.MockRestServiceServerResetTestExecutionListener@3d08f3f5, org.springframework.boot.test.autoconfigure.web.servlet.MockMvcPrintOnlyOnFailureTestExecutionListener@119f1f2a, org.springframework.boot.test.autoconfigure.web.servlet.WebDriverTestExecutionListener@1a1da881, org.springframework.boot.test.autoconfigure.webservices.client.MockWebServiceServerTestExecutionListener@5b970f7]
2025-02-02 15:24:22,103 [INFO] o.s.b.d.r.RestartApplicationListener - Restart disabled due to context in which it is running
2025-02-02 15:24:22,511 [INFO] c.b.m.MicroserviciotransaccionesApplicationTests - Starting MicroserviciotransaccionesApplicationTests using Java 11.0.25 on dialvpc with PID 21984 (started by nancy in C:\SourceCode-Nancy\microservicios-banco\microserviciotransacciones)
2025-02-02 15:24:22,511 [DEBUG] c.b.m.MicroserviciotransaccionesApplicationTests - Running with Spring Boot v2.7.18, Spring v5.3.31
2025-02-02 15:24:22,512 [INFO] c.b.m.MicroserviciotransaccionesApplicationTests - No active profile set, falling back to 1 default profile: "default"
2025-02-02 15:24:23,532 [INFO] o.s.d.r.c.RepositoryConfigurationDelegate - Bootstrapping Spring Data JPA repositories in DEFAULT mode.
2025-02-02 15:24:23,648 [INFO] o.s.d.r.c.RepositoryConfigurationDelegate - Finished Spring Data repository scanning in 102 ms. Found 3 JPA repository interfaces.
2025-02-02 15:24:24,730 [INFO] o.h.j.i.u.LogHelper - HHH000204: Processing PersistenceUnitInfo [name: default]
2025-02-02 15:24:24,824 [INFO] o.h.Version - HHH000412: Hibernate ORM core version 5.6.15.Final
2025-02-02 15:24:25,108 [INFO] o.h.a.c.Version - HCANN000001: Hibernate Commons Annotations {5.1.2.Final}
2025-02-02 15:24:25,977 [INFO] c.z.h.HikariDataSource - HikariPool-1 - Starting...
2025-02-02 15:24:28,201 [INFO] c.z.h.HikariDataSource - HikariPool-1 - Start completed.
2025-02-02 15:24:28,239 [INFO] o.h.d.Dialect - HHH000400: Using dialect: org.hibernate.dialect.SQLServerDialect
2025-02-02 15:24:32,011 [INFO] o.h.e.t.j.p.i.JtaPlatformInitiator - HHH000490: Using JtaPlatform implementation: [org.hibernate.engine.transaction.jta.platform.internal.NoJtaPlatform]
2025-02-02 15:24:32,051 [INFO] o.s.o.j.LocalContainerEntityManagerFactoryBean - Initialized JPA EntityManagerFactory for persistence unit 'default'
2025-02-02 15:24:32,947 [WARN] o.s.b.a.o.j.JpaBaseConfiguration$JpaWebConfiguration - spring.jpa.open-in-view is enabled by default. Therefore, database queries may be performed during view rendering. Explicitly configure spring.jpa.open-in-view to disable this warning
2025-02-02 15:24:33,161 [WARN] o.s.b.a.s.s.UserDetailsServiceAutoConfiguration - 

Using generated security password: fdeecd7f-b854-432c-b037-b38189f0d5fa

This generated password is for development use only. Your security configuration must be updated before running your application in production.

2025-02-02 15:24:33,531 [INFO] o.s.s.w.DefaultSecurityFilterChain - Will secure any request with [org.springframework.security.web.session.DisableEncodeUrlFilter@1a05ff8e, org.springframework.security.web.context.request.async.WebAsyncManagerIntegrationFilter@251e2f4a, org.springframework.security.web.context.SecurityContextPersistenceFilter@4b74a67a, org.springframework.security.web.header.HeaderWriterFilter@544300a6, org.springframework.security.web.authentication.logout.LogoutFilter@74ee97cb, com.banco.microserviciotransacciones.config.JwtRequestFilter@40fcaae7, org.springframework.security.web.savedrequest.RequestCacheAwareFilter@d641499, org.springframework.security.web.servletapi.SecurityContextHolderAwareRequestFilter@634d3439, org.springframework.security.web.authentication.AnonymousAuthenticationFilter@1abea1ed, org.springframework.security.web.session.SessionManagementFilter@7a7f2247, org.springframework.security.web.access.ExceptionTranslationFilter@761b9314, org.springframework.security.web.access.intercept.FilterSecurityInterceptor@2202c92f]
2025-02-02 15:24:34,928 [INFO] c.b.m.MicroserviciotransaccionesApplicationTests - Started MicroserviciotransaccionesApplicationTests in 12.874 seconds (JVM running for 14.593)
2025-02-02 15:24:35,226 [INFO] o.s.o.j.LocalContainerEntityManagerFactoryBean - Closing JPA EntityManagerFactory for persistence unit 'default'
2025-02-02 15:24:35,233 [INFO] c.z.h.HikariDataSource - HikariPool-1 - Shutdown initiated...
2025-02-02 15:24:35,258 [INFO] c.z.h.HikariDataSource - HikariPool-1 - Shutdown completed.
2025-02-02 15:24:55,282 [INFO] c.b.m.MicroserviciotransaccionesApplication - Starting MicroserviciotransaccionesApplication using Java 11.0.25 on dialvpc with PID 9772 (C:\SourceCode-Nancy\microservicios-banco\microserviciotransacciones\target\classes started by nancy in C:\SourceCode-Nancy\microservicios-banco\microserviciotransacciones)
2025-02-02 15:24:55,286 [DEBUG] c.b.m.MicroserviciotransaccionesApplication - Running with Spring Boot v2.7.18, Spring v5.3.31
2025-02-02 15:24:55,287 [INFO] c.b.m.MicroserviciotransaccionesApplication - No active profile set, falling back to 1 default profile: "default"
2025-02-02 15:24:55,349 [INFO] o.s.b.d.e.DevToolsPropertyDefaultsPostProcessor - Devtools property defaults active! Set 'spring.devtools.add-properties' to 'false' to disable
2025-02-02 15:24:55,350 [INFO] o.s.b.d.e.DevToolsPropertyDefaultsPostProcessor - For additional web related logging consider setting the 'logging.level.web' property to 'DEBUG'
2025-02-02 15:24:56,223 [INFO] o.s.d.r.c.RepositoryConfigurationDelegate - Bootstrapping Spring Data JPA repositories in DEFAULT mode.
2025-02-02 15:24:56,320 [INFO] o.s.d.r.c.RepositoryConfigurationDelegate - Finished Spring Data repository scanning in 84 ms. Found 3 JPA repository interfaces.
2025-02-02 15:24:57,757 [INFO] o.s.b.w.e.t.TomcatWebServer - Tomcat initialized with port(s): 8080 (http)
2025-02-02 15:24:57,769 [INFO] o.a.c.h.Http11NioProtocol - Initializing ProtocolHandler ["http-nio-8080"]
2025-02-02 15:24:57,772 [INFO] o.a.c.c.StandardService - Starting service [Tomcat]
2025-02-02 15:24:57,772 [INFO] o.a.c.c.StandardEngine - Starting Servlet engine: [Apache Tomcat/9.0.83]
2025-02-02 15:24:57,900 [INFO] o.a.c.c.C.[.[.[/] - Initializing Spring embedded WebApplicationContext
2025-02-02 15:24:57,901 [INFO] o.s.b.w.s.c.ServletWebServerApplicationContext - Root WebApplicationContext: initialization completed in 2550 ms
2025-02-02 15:24:57,963 [DEBUG] c.b.m.c.JwtRequestFilter - Filter 'jwtRequestFilter' configured for use
2025-02-02 15:24:58,187 [INFO] o.h.j.i.u.LogHelper - HHH000204: Processing PersistenceUnitInfo [name: default]
2025-02-02 15:24:58,239 [INFO] o.h.Version - HHH000412: Hibernate ORM core version 5.6.15.Final
2025-02-02 15:24:58,394 [INFO] o.h.a.c.Version - HCANN000001: Hibernate Commons Annotations {5.1.2.Final}
2025-02-02 15:24:58,503 [INFO] c.z.h.HikariDataSource - HikariPool-1 - Starting...
2025-02-02 15:25:00,275 [INFO] c.z.h.HikariDataSource - HikariPool-1 - Start completed.
2025-02-02 15:25:00,296 [INFO] o.h.d.Dialect - HHH000400: Using dialect: org.hibernate.dialect.SQLServerDialect
2025-02-02 15:25:03,550 [INFO] o.h.e.t.j.p.i.JtaPlatformInitiator - HHH000490: Using JtaPlatform implementation: [org.hibernate.engine.transaction.jta.platform.internal.NoJtaPlatform]
2025-02-02 15:25:03,566 [INFO] o.s.o.j.LocalContainerEntityManagerFactoryBean - Initialized JPA EntityManagerFactory for persistence unit 'default'
2025-02-02 15:25:04,080 [WARN] o.s.b.a.o.j.JpaBaseConfiguration$JpaWebConfiguration - spring.jpa.open-in-view is enabled by default. Therefore, database queries may be performed during view rendering. Explicitly configure spring.jpa.open-in-view to disable this warning
2025-02-02 15:25:04,185 [WARN] o.s.b.a.s.s.UserDetailsServiceAutoConfiguration - 

Using generated security password: cffa0086-0e6d-4ac3-be04-7ca6213cbede

This generated password is for development use only. Your security configuration must be updated before running your application in production.

2025-02-02 15:25:04,337 [INFO] o.s.s.w.DefaultSecurityFilterChain - Will secure any request with [org.springframework.security.web.session.DisableEncodeUrlFilter@1684b190, org.springframework.security.web.context.request.async.WebAsyncManagerIntegrationFilter@4804d62c, org.springframework.security.web.context.SecurityContextPersistenceFilter@153cd177, org.springframework.security.web.header.HeaderWriterFilter@3415b51d, org.springframework.security.web.authentication.logout.LogoutFilter@1251fae8, com.banco.microserviciotransacciones.config.JwtRequestFilter@32154ad4, org.springframework.security.web.savedrequest.RequestCacheAwareFilter@5b4e72e7, org.springframework.security.web.servletapi.SecurityContextHolderAwareRequestFilter@6075cac7, org.springframework.security.web.authentication.AnonymousAuthenticationFilter@2c26634f, org.springframework.security.web.session.SessionManagementFilter@7076f274, org.springframework.security.web.access.ExceptionTranslationFilter@51f66e93, org.springframework.security.web.access.intercept.FilterSecurityInterceptor@51f8086c]
2025-02-02 15:25:04,811 [INFO] o.s.b.d.a.OptionalLiveReloadServer - LiveReload server is running on port 35729
2025-02-02 15:25:04,832 [INFO] o.a.c.h.Http11NioProtocol - Starting ProtocolHandler ["http-nio-8080"]
2025-02-02 15:25:04,861 [INFO] o.s.b.w.e.t.TomcatWebServer - Tomcat started on port(s): 8080 (http) with context path ''
2025-02-02 15:25:04,878 [INFO] c.b.m.MicroserviciotransaccionesApplication - Started MicroserviciotransaccionesApplication in 10.086 seconds (JVM running for 10.901)
2025-02-02 15:26:02,535 [INFO] o.a.c.c.C.[.[.[/] - Initializing Spring DispatcherServlet 'dispatcherServlet'
2025-02-02 15:26:02,535 [INFO] o.s.w.s.DispatcherServlet - Initializing Servlet 'dispatcherServlet'
2025-02-02 15:26:02,539 [INFO] o.s.w.s.DispatcherServlet - Completed initialization in 4 ms
2025-02-02 15:26:03,109 [INFO] c.b.m.s.CuentaBancariaServiceImpl - Inicio de la transacción: Depositos para la cuenta: 1234567890
2025-02-02 15:26:03,109 [INFO] c.b.m.s.CuentaBancariaServiceImpl - Consultando la cuenta bancaria con número: 1234567890
2025-02-02 15:26:03,585 [INFO] c.b.m.s.CuentaBancariaServiceImpl - Cuenta encontrada: 1
2025-02-02 15:26:03,586 [INFO] c.b.m.s.CuentaBancariaServiceImpl - Depósito realizado exitosamente en la cuenta: 1234567890. Monto: 500.00
2025-02-02 15:26:03,733 [INFO] c.b.m.s.CuentaBancariaServiceImpl - Transacción exitosa para la cuenta: 1234567890
2025-02-02 15:26:04,191 [INFO] c.b.m.s.CuentaBancariaServiceImpl - Operación de depósito exitosa. Transacción realizada para la cuenta: 1234567890 con monto: 500.00
2025-02-02 15:26:31,327 [WARN] o.s.w.s.m.s.DefaultHandlerExceptionResolver - Resolved [org.springframework.http.converter.HttpMessageNotReadableException: JSON parse error: Cannot deserialize value of type `com.banco.microserviciotransacciones.enums.TipoTransaccion` from String "retip": not one of the values accepted for Enum class: [Depositos, Retiros]; nested exception is com.fasterxml.jackson.databind.exc.InvalidFormatException: Cannot deserialize value of type `com.banco.microserviciotransacciones.enums.TipoTransaccion` from String "retip": not one of the values accepted for Enum class: [Depositos, Retiros]<EOL> at [Source: (org.springframework.util.StreamUtils$NonClosingInputStream); line: 3, column: 22] (through reference chain: com.banco.microserviciotransacciones.model.Transaccion["tipotransaccion"])]
2025-02-02 15:26:51,914 [INFO] c.b.m.s.CuentaBancariaServiceImpl - Inicio de la transacción: Retiros para la cuenta: 1234567890
2025-02-02 15:26:51,914 [INFO] c.b.m.s.CuentaBancariaServiceImpl - Consultando la cuenta bancaria con número: 1234567890
2025-02-02 15:26:52,154 [INFO] c.b.m.s.CuentaBancariaServiceImpl - Cuenta encontrada: 1
2025-02-02 15:26:52,154 [INFO] c.b.m.s.CuentaBancariaServiceImpl - Retiro realizado exitosamente de la cuenta: 1234567890. Monto: 500.00
2025-02-02 15:26:52,268 [INFO] c.b.m.s.CuentaBancariaServiceImpl - Transacción exitosa para la cuenta: 1234567890
2025-02-02 15:26:52,633 [INFO] c.b.m.s.CuentaBancariaServiceImpl - Operación de depósito exitosa. Transacción realizada para la cuenta: 1234567890 con monto: 500.00
2025-02-02 15:39:22,826 [WARN] c.z.h.p.HikariPool - HikariPool-1 - Thread starvation or clock leap detected (housekeeper delta=4m52s268ms138µs600ns).
2025-02-02 16:16:51,664 [INFO] o.s.o.j.LocalContainerEntityManagerFactoryBean - Closing JPA EntityManagerFactory for persistence unit 'default'
2025-02-02 16:16:51,666 [INFO] c.z.h.HikariDataSource - HikariPool-1 - Shutdown initiated...
2025-02-02 16:16:51,673 [INFO] c.z.h.HikariDataSource - HikariPool-1 - Shutdown completed.
